[0.007s] Invoking command in '/home/rezwan/dev_ws/src/my_bot/build/my_bot': CMAKE_PREFIX_PATH=/opt/ros/humble /usr/bin/cmake /home/rezwan/dev_ws/src/my_bot -DAMENT_CMAKE_SYMLINK_INSTALL=1 -DCMAKE_INSTALL_PREFIX=/home/rezwan/dev_ws/src/my_bot/install/my_bot
[0.090s] -- The C compiler identification is GNU 11.4.0
[0.173s] -- The CXX compiler identification is GNU 11.4.0
[0.182s] -- Detecting C compiler ABI info
[0.229s] -- Detecting C compiler ABI info - done
[0.234s] -- Check for working C compiler: /usr/bin/cc - skipped
[0.234s] -- Detecting C compile features
[0.235s] -- Detecting C compile features - done
[0.238s] -- Detecting CXX compiler ABI info
[0.289s] -- Detecting CXX compiler ABI info - done
[0.293s] -- Check for working CXX compiler: /usr/bin/c++ - skipped
[0.293s] -- Detecting CXX compile features
[0.293s] -- Detecting CXX compile features - done
[0.296s] -- Found ament_cmake: 1.3.12 (/opt/ros/humble/share/ament_cmake/cmake)
[0.396s] -- Found Python3: /usr/bin/python3 (found version "3.10.12") found components: Interpreter 
[0.445s] -- Override CMake install command with custom implementation using symlinks instead of copying resources
[0.477s] -- Found ament_lint_auto: 0.12.14 (/opt/ros/humble/share/ament_lint_auto/cmake)
[0.534s] -- Added test 'copyright' to check source files copyright and LICENSE
[0.538s] -- Added test 'cppcheck' to perform static code analysis on C / C++ code
[0.538s] -- Configured cppcheck include dirs: 
[0.538s] -- Configured cppcheck exclude dirs and/or files: 
[0.541s] -- Added test 'cpplint' to check C / C++ code against the Google style
[0.541s] -- Configured cpplint exclude dirs and/or files: 
[0.542s] -- Added test 'flake8' to check Python code syntax and style conventions
[0.543s] -- Added test 'lint_cmake' to check CMake code style
[0.544s] -- Added test 'pep257' to check Python code against some of the docstring style conventions in PEP 257
[0.547s] -- Added test 'uncrustify' to check C / C++ code style
[0.547s] -- Configured uncrustify additional arguments: 
[0.549s] -- Added test 'xmllint' to check XML markup files
[0.550s] -- Configuring done
[0.552s] -- Generating done
[0.553s] -- Build files have been written to: /home/rezwan/dev_ws/src/my_bot/build/my_bot
[0.556s] Invoked command in '/home/rezwan/dev_ws/src/my_bot/build/my_bot' returned '0': CMAKE_PREFIX_PATH=/opt/ros/humble /usr/bin/cmake /home/rezwan/dev_ws/src/my_bot -DAMENT_CMAKE_SYMLINK_INSTALL=1 -DCMAKE_INSTALL_PREFIX=/home/rezwan/dev_ws/src/my_bot/install/my_bot
[0.558s] Invoking command in '/home/rezwan/dev_ws/src/my_bot/build/my_bot': CMAKE_PREFIX_PATH=/opt/ros/humble /usr/bin/cmake --build /home/rezwan/dev_ws/src/my_bot/build/my_bot -- -j8 -l8
[0.581s] Invoked command in '/home/rezwan/dev_ws/src/my_bot/build/my_bot' returned '0': CMAKE_PREFIX_PATH=/opt/ros/humble /usr/bin/cmake --build /home/rezwan/dev_ws/src/my_bot/build/my_bot -- -j8 -l8
[0.588s] Invoking command in '/home/rezwan/dev_ws/src/my_bot/build/my_bot': CMAKE_PREFIX_PATH=/opt/ros/humble /usr/bin/cmake --install /home/rezwan/dev_ws/src/my_bot/build/my_bot
[0.593s] -- Install configuration: ""
[0.593s] -- Execute custom install script
[0.594s] -- Symlinking: /home/rezwan/dev_ws/src/my_bot/install/my_bot/share/my_bot/config/empty.yaml
[0.599s] -- Symlinking: /home/rezwan/dev_ws/src/my_bot/install/my_bot/share/my_bot/config/view_bot.rviz
[0.604s] -- Symlinking: /home/rezwan/dev_ws/src/my_bot/install/my_bot/share/my_bot/description/gazebo_control.xacro
[0.610s] -- Symlinking: /home/rezwan/dev_ws/src/my_bot/install/my_bot/share/my_bot/description/inertial_macros.xacro
[0.615s] -- Symlinking: /home/rezwan/dev_ws/src/my_bot/install/my_bot/share/my_bot/description/robot.urdf.xacro
[0.621s] -- Symlinking: /home/rezwan/dev_ws/src/my_bot/install/my_bot/share/my_bot/description/robot_core.xacro
[0.626s] -- Symlinking: /home/rezwan/dev_ws/src/my_bot/install/my_bot/share/my_bot/launch/launch_sim.launch.py
[0.632s] -- Symlinking: /home/rezwan/dev_ws/src/my_bot/install/my_bot/share/my_bot/launch/rsp.launch.py
[0.638s] -- Symlinking: /home/rezwan/dev_ws/src/my_bot/install/my_bot/share/my_bot/worlds/empty.world
[0.644s] -- Symlinking: /home/rezwan/dev_ws/src/my_bot/install/my_bot/share/ament_index/resource_index/package_run_dependencies/my_bot
[0.648s] -- Symlinking: /home/rezwan/dev_ws/src/my_bot/install/my_bot/share/ament_index/resource_index/parent_prefix_path/my_bot
[0.654s] -- Symlinking: /home/rezwan/dev_ws/src/my_bot/install/my_bot/share/my_bot/environment/ament_prefix_path.sh
[0.660s] -- Symlinking: /home/rezwan/dev_ws/src/my_bot/install/my_bot/share/my_bot/environment/ament_prefix_path.dsv
[0.666s] -- Symlinking: /home/rezwan/dev_ws/src/my_bot/install/my_bot/share/my_bot/environment/path.sh
[0.672s] -- Symlinking: /home/rezwan/dev_ws/src/my_bot/install/my_bot/share/my_bot/environment/path.dsv
[0.677s] -- Symlinking: /home/rezwan/dev_ws/src/my_bot/install/my_bot/share/my_bot/local_setup.bash
[0.682s] -- Symlinking: /home/rezwan/dev_ws/src/my_bot/install/my_bot/share/my_bot/local_setup.sh
[0.688s] -- Symlinking: /home/rezwan/dev_ws/src/my_bot/install/my_bot/share/my_bot/local_setup.zsh
[0.694s] -- Symlinking: /home/rezwan/dev_ws/src/my_bot/install/my_bot/share/my_bot/local_setup.dsv
[0.700s] -- Symlinking: /home/rezwan/dev_ws/src/my_bot/install/my_bot/share/my_bot/package.dsv
[0.705s] -- Symlinking: /home/rezwan/dev_ws/src/my_bot/install/my_bot/share/ament_index/resource_index/packages/my_bot
[0.710s] -- Symlinking: /home/rezwan/dev_ws/src/my_bot/install/my_bot/share/my_bot/cmake/my_botConfig.cmake
[0.716s] -- Symlinking: /home/rezwan/dev_ws/src/my_bot/install/my_bot/share/my_bot/cmake/my_botConfig-version.cmake
[0.722s] -- Symlinking: /home/rezwan/dev_ws/src/my_bot/install/my_bot/share/my_bot/package.xml
[0.729s] Invoked command in '/home/rezwan/dev_ws/src/my_bot/build/my_bot' returned '0': CMAKE_PREFIX_PATH=/opt/ros/humble /usr/bin/cmake --install /home/rezwan/dev_ws/src/my_bot/build/my_bot
