[0.062s] DEBUG:colcon:Command line arguments: ['/usr/bin/colcon', 'build', '--symlink-install']
[0.062s] DEBUG:colcon:Parsed command line arguments: Namespace(log_base=None, log_level=None, verb_name='build', build_base='build', install_base='install', merge_install=False, symlink_install=True, test_result_base=None, continue_on_error=False, executor='parallel', parallel_workers=8, event_handlers=None, ignore_user_meta=False, metas=['./colcon.meta'], base_paths=['.'], packages_ignore=None, packages_ignore_regex=None, paths=None, packages_up_to=None, packages_up_to_regex=None, packages_above=None, packages_above_and_dependencies=None, packages_above_depth=None, packages_select_by_dep=None, packages_skip_by_dep=None, packages_skip_up_to=None, packages_select_build_failed=False, packages_skip_build_finished=False, packages_select_test_failures=False, packages_skip_test_passed=False, packages_select=None, packages_skip=None, packages_select_regex=None, packages_skip_regex=None, packages_start=None, packages_end=None, allow_overriding=[], cmake_args=None, cmake_target=None, cmake_target_skip_unavailable=False, cmake_clean_cache=False, cmake_clean_first=False, cmake_force_configure=False, ament_cmake_args=None, catkin_cmake_args=None, catkin_skip_building_tests=False, mixin_files=None, mixin=None, verb_parser=<colcon_mixin.mixin.mixin_argument.MixinArgumentDecorator object at 0x725502e32140>, verb_extension=<colcon_core.verb.build.BuildVerb object at 0x725502e31bd0>, main=<bound method BuildVerb.main of <colcon_core.verb.build.BuildVerb object at 0x725502e31bd0>>, mixin_verb=('build',))
[0.151s] Level 1:colcon.colcon_core.package_discovery:discover_packages(colcon_meta) check parameters
[0.151s] Level 1:colcon.colcon_core.package_discovery:discover_packages(recursive) check parameters
[0.151s] Level 1:colcon.colcon_core.package_discovery:discover_packages(ignore) check parameters
[0.151s] Level 1:colcon.colcon_core.package_discovery:discover_packages(path) check parameters
[0.151s] Level 1:colcon.colcon_core.package_discovery:discover_packages(colcon_meta) discover
[0.151s] Level 1:colcon.colcon_core.package_discovery:discover_packages(recursive) discover
[0.151s] INFO:colcon.colcon_core.package_discovery:Crawling recursively for packages in '/home/rezwan/dev_ws/src/my_bot'
[0.151s] Level 1:colcon.colcon_core.package_identification:_identify(.) by extensions ['ignore', 'ignore_ament_install']
[0.151s] Level 1:colcon.colcon_core.package_identification:_identify(.) by extension 'ignore'
[0.151s] Level 1:colcon.colcon_core.package_identification:_identify(.) by extension 'ignore_ament_install'
[0.151s] Level 1:colcon.colcon_core.package_identification:_identify(.) by extensions ['colcon_pkg']
[0.151s] Level 1:colcon.colcon_core.package_identification:_identify(.) by extension 'colcon_pkg'
[0.151s] Level 1:colcon.colcon_core.package_identification:_identify(.) by extensions ['colcon_meta']
[0.151s] Level 1:colcon.colcon_core.package_identification:_identify(.) by extension 'colcon_meta'
[0.151s] Level 1:colcon.colcon_core.package_identification:_identify(.) by extensions ['ros']
[0.151s] Level 1:colcon.colcon_core.package_identification:_identify(.) by extension 'ros'
[0.159s] DEBUG:colcon.colcon_core.package_identification:Package '.' with type 'ros.ament_cmake' and name 'my_bot'
[0.159s] Level 1:colcon.colcon_core.package_discovery:discover_packages(recursive) using defaults
[0.160s] Level 1:colcon.colcon_core.package_discovery:discover_packages(ignore) discover
[0.160s] Level 1:colcon.colcon_core.package_discovery:discover_packages(ignore) using defaults
[0.160s] Level 1:colcon.colcon_core.package_discovery:discover_packages(path) discover
[0.160s] Level 1:colcon.colcon_core.package_discovery:discover_packages(path) using defaults
[0.178s] Level 1:colcon.colcon_core.package_discovery:discover_packages(prefix_path) check parameters
[0.178s] Level 1:colcon.colcon_core.package_discovery:discover_packages(prefix_path) discover
[0.179s] DEBUG:colcon.colcon_installed_package_information.package_discovery:Found 333 installed packages in /opt/ros/humble
[0.180s] Level 1:colcon.colcon_core.package_discovery:discover_packages(prefix_path) using defaults
[0.205s] Level 5:colcon.colcon_core.verb:set package 'my_bot' build argument 'cmake_args' from command line to 'None'
[0.205s] Level 5:colcon.colcon_core.verb:set package 'my_bot' build argument 'cmake_target' from command line to 'None'
[0.205s] Level 5:colcon.colcon_core.verb:set package 'my_bot' build argument 'cmake_target_skip_unavailable' from command line to 'False'
[0.205s] Level 5:colcon.colcon_core.verb:set package 'my_bot' build argument 'cmake_clean_cache' from command line to 'False'
[0.205s] Level 5:colcon.colcon_core.verb:set package 'my_bot' build argument 'cmake_clean_first' from command line to 'False'
[0.205s] Level 5:colcon.colcon_core.verb:set package 'my_bot' build argument 'cmake_force_configure' from command line to 'False'
[0.205s] Level 5:colcon.colcon_core.verb:set package 'my_bot' build argument 'ament_cmake_args' from command line to 'None'
[0.205s] Level 5:colcon.colcon_core.verb:set package 'my_bot' build argument 'catkin_cmake_args' from command line to 'None'
[0.205s] Level 5:colcon.colcon_core.verb:set package 'my_bot' build argument 'catkin_skip_building_tests' from command line to 'False'
[0.205s] DEBUG:colcon.colcon_core.verb:Building package 'my_bot' with the following arguments: {'ament_cmake_args': None, 'build_base': '/home/rezwan/dev_ws/src/my_bot/build/my_bot', 'catkin_cmake_args': None, 'catkin_skip_building_tests': False, 'cmake_args': None, 'cmake_clean_cache': False, 'cmake_clean_first': False, 'cmake_force_configure': False, 'cmake_target': None, 'cmake_target_skip_unavailable': False, 'install_base': '/home/rezwan/dev_ws/src/my_bot/install/my_bot', 'merge_install': False, 'path': '/home/rezwan/dev_ws/src/my_bot', 'symlink_install': True, 'test_result_base': None}
[0.205s] INFO:colcon.colcon_core.executor:Executing jobs using 'parallel' executor
[0.206s] DEBUG:colcon.colcon_parallel_executor.executor.parallel:run_until_complete
[0.206s] INFO:colcon.colcon_ros.task.ament_cmake.build:Building ROS package in '/home/rezwan/dev_ws/src/my_bot' with build type 'ament_cmake'
[0.206s] INFO:colcon.colcon_cmake.task.cmake.build:Building CMake package in '/home/rezwan/dev_ws/src/my_bot'
[0.208s] INFO:colcon.colcon_core.plugin_system:Skipping extension 'colcon_core.shell.bat': Not used on non-Windows systems
[0.208s] INFO:colcon.colcon_core.shell:Skip shell extension 'powershell' for command environment: Not usable outside of PowerShell
[0.208s] DEBUG:colcon.colcon_core.shell:Skip shell extension 'dsv' for command environment
[0.214s] DEBUG:colcon.colcon_core.event_handler.log_command:Invoking command in '/home/rezwan/dev_ws/src/my_bot/build/my_bot': CMAKE_PREFIX_PATH=/opt/ros/humble /usr/bin/cmake /home/rezwan/dev_ws/src/my_bot -DAMENT_CMAKE_SYMLINK_INSTALL=1 -DCMAKE_INSTALL_PREFIX=/home/rezwan/dev_ws/src/my_bot/install/my_bot
[0.763s] DEBUG:colcon.colcon_core.event_handler.log_command:Invoked command in '/home/rezwan/dev_ws/src/my_bot/build/my_bot' returned '0': CMAKE_PREFIX_PATH=/opt/ros/humble /usr/bin/cmake /home/rezwan/dev_ws/src/my_bot -DAMENT_CMAKE_SYMLINK_INSTALL=1 -DCMAKE_INSTALL_PREFIX=/home/rezwan/dev_ws/src/my_bot/install/my_bot
[0.764s] DEBUG:colcon.colcon_core.event_handler.log_command:Invoking command in '/home/rezwan/dev_ws/src/my_bot/build/my_bot': CMAKE_PREFIX_PATH=/opt/ros/humble /usr/bin/cmake --build /home/rezwan/dev_ws/src/my_bot/build/my_bot -- -j8 -l8
[0.788s] DEBUG:colcon.colcon_core.event_handler.log_command:Invoked command in '/home/rezwan/dev_ws/src/my_bot/build/my_bot' returned '0': CMAKE_PREFIX_PATH=/opt/ros/humble /usr/bin/cmake --build /home/rezwan/dev_ws/src/my_bot/build/my_bot -- -j8 -l8
[0.795s] DEBUG:colcon.colcon_core.event_handler.log_command:Invoking command in '/home/rezwan/dev_ws/src/my_bot/build/my_bot': CMAKE_PREFIX_PATH=/opt/ros/humble /usr/bin/cmake --install /home/rezwan/dev_ws/src/my_bot/build/my_bot
[0.935s] Level 1:colcon.colcon_core.environment:create_environment_scripts_only(my_bot)
[0.936s] DEBUG:colcon.colcon_core.event_handler.log_command:Invoked command in '/home/rezwan/dev_ws/src/my_bot/build/my_bot' returned '0': CMAKE_PREFIX_PATH=/opt/ros/humble /usr/bin/cmake --install /home/rezwan/dev_ws/src/my_bot/build/my_bot
[0.937s] Level 1:colcon.colcon_core.environment:checking '/home/rezwan/dev_ws/src/my_bot/install/my_bot' for CMake module files
[0.937s] Level 1:colcon.colcon_core.environment:checking '/home/rezwan/dev_ws/src/my_bot/install/my_bot' for CMake config files
[0.937s] Level 1:colcon.colcon_core.shell:create_environment_hook('my_bot', 'cmake_prefix_path')
[0.937s] INFO:colcon.colcon_core.shell:Creating environment hook '/home/rezwan/dev_ws/src/my_bot/install/my_bot/share/my_bot/hook/cmake_prefix_path.ps1'
[0.938s] INFO:colcon.colcon_core.shell:Creating environment descriptor '/home/rezwan/dev_ws/src/my_bot/install/my_bot/share/my_bot/hook/cmake_prefix_path.dsv'
[0.938s] INFO:colcon.colcon_core.shell:Creating environment hook '/home/rezwan/dev_ws/src/my_bot/install/my_bot/share/my_bot/hook/cmake_prefix_path.sh'
[0.939s] Level 1:colcon.colcon_core.environment:checking '/home/rezwan/dev_ws/src/my_bot/install/my_bot/bin'
[0.939s] Level 1:colcon.colcon_core.environment:checking '/home/rezwan/dev_ws/src/my_bot/install/my_bot/lib/pkgconfig/my_bot.pc'
[0.939s] Level 1:colcon.colcon_core.environment:checking '/home/rezwan/dev_ws/src/my_bot/install/my_bot/lib/python3.10/site-packages'
[0.939s] Level 1:colcon.colcon_core.environment:checking '/home/rezwan/dev_ws/src/my_bot/install/my_bot/bin'
[0.939s] INFO:colcon.colcon_core.shell:Creating package script '/home/rezwan/dev_ws/src/my_bot/install/my_bot/share/my_bot/package.ps1'
[0.940s] INFO:colcon.colcon_core.shell:Creating package descriptor '/home/rezwan/dev_ws/src/my_bot/install/my_bot/share/my_bot/package.dsv'
[0.940s] INFO:colcon.colcon_core.shell:Creating package script '/home/rezwan/dev_ws/src/my_bot/install/my_bot/share/my_bot/package.sh'
[0.941s] INFO:colcon.colcon_core.shell:Creating package script '/home/rezwan/dev_ws/src/my_bot/install/my_bot/share/my_bot/package.bash'
[0.941s] INFO:colcon.colcon_core.shell:Creating package script '/home/rezwan/dev_ws/src/my_bot/install/my_bot/share/my_bot/package.zsh'
[0.941s] Level 1:colcon.colcon_core.environment:create_file_with_runtime_dependencies(/home/rezwan/dev_ws/src/my_bot/install/my_bot/share/colcon-core/packages/my_bot)
[0.942s] Level 1:colcon.colcon_core.environment:create_environment_scripts_only(my_bot)
[0.942s] Level 1:colcon.colcon_core.environment:checking '/home/rezwan/dev_ws/src/my_bot/install/my_bot' for CMake module files
[0.942s] Level 1:colcon.colcon_core.environment:checking '/home/rezwan/dev_ws/src/my_bot/install/my_bot' for CMake config files
[0.942s] Level 1:colcon.colcon_core.shell:create_environment_hook('my_bot', 'cmake_prefix_path')
[0.942s] INFO:colcon.colcon_core.shell:Creating environment hook '/home/rezwan/dev_ws/src/my_bot/install/my_bot/share/my_bot/hook/cmake_prefix_path.ps1'
[0.942s] INFO:colcon.colcon_core.shell:Creating environment descriptor '/home/rezwan/dev_ws/src/my_bot/install/my_bot/share/my_bot/hook/cmake_prefix_path.dsv'
[0.943s] INFO:colcon.colcon_core.shell:Creating environment hook '/home/rezwan/dev_ws/src/my_bot/install/my_bot/share/my_bot/hook/cmake_prefix_path.sh'
[0.943s] Level 1:colcon.colcon_core.environment:checking '/home/rezwan/dev_ws/src/my_bot/install/my_bot/bin'
[0.943s] Level 1:colcon.colcon_core.environment:checking '/home/rezwan/dev_ws/src/my_bot/install/my_bot/lib/pkgconfig/my_bot.pc'
[0.944s] Level 1:colcon.colcon_core.environment:checking '/home/rezwan/dev_ws/src/my_bot/install/my_bot/lib/python3.10/site-packages'
[0.944s] Level 1:colcon.colcon_core.environment:checking '/home/rezwan/dev_ws/src/my_bot/install/my_bot/bin'
[0.944s] INFO:colcon.colcon_core.shell:Creating package script '/home/rezwan/dev_ws/src/my_bot/install/my_bot/share/my_bot/package.ps1'
[0.944s] INFO:colcon.colcon_core.shell:Creating package descriptor '/home/rezwan/dev_ws/src/my_bot/install/my_bot/share/my_bot/package.dsv'
[0.945s] INFO:colcon.colcon_core.shell:Creating package script '/home/rezwan/dev_ws/src/my_bot/install/my_bot/share/my_bot/package.sh'
[0.945s] INFO:colcon.colcon_core.shell:Creating package script '/home/rezwan/dev_ws/src/my_bot/install/my_bot/share/my_bot/package.bash'
[0.945s] INFO:colcon.colcon_core.shell:Creating package script '/home/rezwan/dev_ws/src/my_bot/install/my_bot/share/my_bot/package.zsh'
[0.946s] Level 1:colcon.colcon_core.environment:create_file_with_runtime_dependencies(/home/rezwan/dev_ws/src/my_bot/install/my_bot/share/colcon-core/packages/my_bot)
[0.946s] DEBUG:colcon.colcon_parallel_executor.executor.parallel:closing loop
[0.946s] DEBUG:colcon.colcon_parallel_executor.executor.parallel:loop closed
[0.946s] DEBUG:colcon.colcon_parallel_executor.executor.parallel:run_until_complete finished with '0'
[0.946s] DEBUG:colcon.colcon_core.event_reactor:joining thread
[0.949s] INFO:colcon.colcon_core.plugin_system:Skipping extension 'colcon_notification.desktop_notification.terminal_notifier': Not used on non-Darwin systems
[0.949s] INFO:colcon.colcon_core.plugin_system:Skipping extension 'colcon_notification.desktop_notification.win32': Not used on non-Windows systems
[0.949s] INFO:colcon.colcon_notification.desktop_notification:Sending desktop notification using 'notify2'
[0.959s] DEBUG:colcon.colcon_core.event_reactor:joined thread
[0.959s] INFO:colcon.colcon_core.shell:Creating prefix script '/home/rezwan/dev_ws/src/my_bot/install/local_setup.ps1'
[0.959s] INFO:colcon.colcon_core.shell:Creating prefix util module '/home/rezwan/dev_ws/src/my_bot/install/_local_setup_util_ps1.py'
[0.960s] INFO:colcon.colcon_core.shell:Creating prefix chain script '/home/rezwan/dev_ws/src/my_bot/install/setup.ps1'
[0.961s] INFO:colcon.colcon_core.shell:Creating prefix script '/home/rezwan/dev_ws/src/my_bot/install/local_setup.sh'
[0.961s] INFO:colcon.colcon_core.shell:Creating prefix util module '/home/rezwan/dev_ws/src/my_bot/install/_local_setup_util_sh.py'
[0.962s] INFO:colcon.colcon_core.shell:Creating prefix chain script '/home/rezwan/dev_ws/src/my_bot/install/setup.sh'
[0.963s] INFO:colcon.colcon_core.shell:Creating prefix script '/home/rezwan/dev_ws/src/my_bot/install/local_setup.bash'
[0.964s] INFO:colcon.colcon_core.shell:Creating prefix chain script '/home/rezwan/dev_ws/src/my_bot/install/setup.bash'
[0.965s] INFO:colcon.colcon_core.shell:Creating prefix script '/home/rezwan/dev_ws/src/my_bot/install/local_setup.zsh'
[0.965s] INFO:colcon.colcon_core.shell:Creating prefix chain script '/home/rezwan/dev_ws/src/my_bot/install/setup.zsh'
