[0.007s] Invoking command in '/home/rezwan/dev_ws/src/my_bot/build/my_bot': CMAKE_PREFIX_PATH=${CMAKE_PREFIX_PATH}:/opt/ros/humble /usr/bin/cmake --build /home/rezwan/dev_ws/src/my_bot/build/my_bot -- -j8 -l8
[0.032s] Invoked command in '/home/rezwan/dev_ws/src/my_bot/build/my_bot' returned '0': CMAKE_PREFIX_PATH=${CMAKE_PREFIX_PATH}:/opt/ros/humble /usr/bin/cmake --build /home/rezwan/dev_ws/src/my_bot/build/my_bot -- -j8 -l8
[0.039s] Invoking command in '/home/rezwan/dev_ws/src/my_bot/build/my_bot': CMAKE_PREFIX_PATH=${CMAKE_PREFIX_PATH}:/opt/ros/humble /usr/bin/cmake --install /home/rezwan/dev_ws/src/my_bot/build/my_bot
[0.043s] -- Install configuration: ""
[0.043s] -- Execute custom install script
[0.044s] -- Up-to-date symlink: /home/rezwan/dev_ws/src/my_bot/install/my_bot/share/my_bot/config/empty.yaml
[0.044s] -- Up-to-date symlink: /home/rezwan/dev_ws/src/my_bot/install/my_bot/share/my_bot/config/view_bot.rviz
[0.044s] -- Up-to-date symlink: /home/rezwan/dev_ws/src/my_bot/install/my_bot/share/my_bot/description/gazebo_control.xacro
[0.044s] -- Up-to-date symlink: /home/rezwan/dev_ws/src/my_bot/install/my_bot/share/my_bot/description/inertial_macros.xacro
[0.044s] -- Up-to-date symlink: /home/rezwan/dev_ws/src/my_bot/install/my_bot/share/my_bot/description/robot.urdf.xacro
[0.044s] -- Up-to-date symlink: /home/rezwan/dev_ws/src/my_bot/install/my_bot/share/my_bot/description/robot_core.xacro
[0.044s] -- Up-to-date symlink: /home/rezwan/dev_ws/src/my_bot/install/my_bot/share/my_bot/launch/launch_sim.launch.py
[0.044s] -- Up-to-date symlink: /home/rezwan/dev_ws/src/my_bot/install/my_bot/share/my_bot/launch/rsp.launch.py
[0.053s] -- Up-to-date symlink: /home/rezwan/dev_ws/src/my_bot/install/my_bot/share/my_bot/worlds/empty.world
[0.053s] -- Up-to-date symlink: /home/rezwan/dev_ws/src/my_bot/install/my_bot/share/ament_index/resource_index/package_run_dependencies/my_bot
[0.054s] -- Up-to-date symlink: /home/rezwan/dev_ws/src/my_bot/install/my_bot/share/ament_index/resource_index/parent_prefix_path/my_bot
[0.054s] -- Up-to-date symlink: /home/rezwan/dev_ws/src/my_bot/install/my_bot/share/my_bot/environment/ament_prefix_path.sh
[0.054s] -- Up-to-date symlink: /home/rezwan/dev_ws/src/my_bot/install/my_bot/share/my_bot/environment/ament_prefix_path.dsv
[0.054s] -- Up-to-date symlink: /home/rezwan/dev_ws/src/my_bot/install/my_bot/share/my_bot/environment/path.sh
[0.054s] -- Up-to-date symlink: /home/rezwan/dev_ws/src/my_bot/install/my_bot/share/my_bot/environment/path.dsv
[0.054s] -- Up-to-date symlink: /home/rezwan/dev_ws/src/my_bot/install/my_bot/share/my_bot/local_setup.bash
[0.054s] -- Up-to-date symlink: /home/rezwan/dev_ws/src/my_bot/install/my_bot/share/my_bot/local_setup.sh
[0.054s] -- Up-to-date symlink: /home/rezwan/dev_ws/src/my_bot/install/my_bot/share/my_bot/local_setup.zsh
[0.054s] -- Up-to-date symlink: /home/rezwan/dev_ws/src/my_bot/install/my_bot/share/my_bot/local_setup.dsv
[0.054s] -- Symlinking: /home/rezwan/dev_ws/src/my_bot/install/my_bot/share/my_bot/package.dsv
[0.060s] -- Up-to-date symlink: /home/rezwan/dev_ws/src/my_bot/install/my_bot/share/ament_index/resource_index/packages/my_bot
[0.060s] -- Up-to-date symlink: /home/rezwan/dev_ws/src/my_bot/install/my_bot/share/my_bot/cmake/my_botConfig.cmake
[0.060s] -- Up-to-date symlink: /home/rezwan/dev_ws/src/my_bot/install/my_bot/share/my_bot/cmake/my_botConfig-version.cmake
[0.060s] -- Up-to-date symlink: /home/rezwan/dev_ws/src/my_bot/install/my_bot/share/my_bot/package.xml
[0.061s] Invoked command in '/home/rezwan/dev_ws/src/my_bot/build/my_bot' returned '0': CMAKE_PREFIX_PATH=${CMAKE_PREFIX_PATH}:/opt/ros/humble /usr/bin/cmake --install /home/rezwan/dev_ws/src/my_bot/build/my_bot
